{
  "stats": {
    "suites": 1,
    "tests": 1,
    "passes": 0,
    "pending": 0,
    "failures": 1,
    "start": "2024-07-17T06:30:35.033Z",
    "end": "2024-07-17T06:31:35.505Z",
    "duration": 60472,
    "testsRegistered": 1,
    "passPercent": 0,
    "pendingPercent": 0,
    "other": 0,
    "hasOther": false,
    "skipped": 0,
    "hasSkipped": false
  },
  "results": [
    {
      "uuid": "cbb2b1e7-d113-4e4e-a938-e3ba6f3faa42",
      "title": "",
      "fullFile": "cypress\\e2e\\2-advanced-examples\\form_validations.cy.js",
      "file": "cypress\\e2e\\2-advanced-examples\\form_validations.cy.js",
      "beforeHooks": [],
      "afterHooks": [],
      "tests": [],
      "suites": [
        {
          "uuid": "c77b2bfa-c823-425a-abc7-a35da83795a7",
          "title": "Form Validations",
          "fullFile": "",
          "file": "",
          "beforeHooks": [],
          "afterHooks": [],
          "tests": [
            {
              "title": "should validate required fields, email format, and password requirements",
              "fullTitle": "Form Validations should validate required fields, email format, and password requirements",
              "timedOut": null,
              "duration": 60375,
              "state": "failed",
              "speed": null,
              "pass": false,
              "fail": true,
              "pending": false,
              "context": null,
              "code": "// Visit Signup page\ncy.visit('/signup');\n// Check that all fields are required\ncy.get('button[type=\"submit\"]').click();\ncy.contains('Username is required').should('be.visible');\ncy.contains('Email is required').should('be.visible');\ncy.contains('Password is required').should('be.visible');\ncy.contains('Confirm Password is required').should('be.visible');\n// Validate email format\ncy.get('input[name=\"email\"]').type('invalid-email');\ncy.get('button[type=\"submit\"]').click();\ncy.contains('Enter a valid email').should('be.visible');\n// Ensure the password meets requirements\ncy.get('input[name=\"password\"]').type('short');\ncy.get('input[name=\"confirmPassword\"]').type('short');\ncy.get('button[type=\"submit\"]').click();\ncy.contains('Password must be at least 8 characters').should('be.visible');",
              "err": {
                "message": "CypressError: Timed out after waiting `60000ms` for your remote page to load.\n\nYour page did not fire its `load` event within `60000ms`.\n\nYou can try increasing the `pageLoadTimeout` value in `cypress.config.js` to wait longer.\n\nBrowsers will not fire the `load` event until all stylesheets and scripts are done downloading.\n\nWhen this `load` event occurs, Cypress will continue running commands.",
                "estack": "CypressError: Timed out after waiting `60000ms` for your remote page to load.\n\nYour page did not fire its `load` event within `60000ms`.\n\nYou can try increasing the `pageLoadTimeout` value in `cypress.config.js` to wait longer.\n\nBrowsers will not fire the `load` event until all stylesheets and scripts are done downloading.\n\nWhen this `load` event occurs, Cypress will continue running commands.\n    at timedOutWaitingForPageLoad (https://dev-fe.buttonshift.com/__cypress/runner/cypress_runner.js:130948:64)\n    at <unknown> (https://dev-fe.buttonshift.com/__cypress/runner/cypress_runner.js:131933:16)\n    at tryCatcher (https://dev-fe.buttonshift.com/__cypress/runner/cypress_runner.js:1807:23)\n    at <unknown> (https://dev-fe.buttonshift.com/__cypress/runner/cypress_runner.js:4186:41)\n    at tryCatcher (https://dev-fe.buttonshift.com/__cypress/runner/cypress_runner.js:1807:23)\n    at Promise._settlePromiseFromHandler (https://dev-fe.buttonshift.com/__cypress/runner/cypress_runner.js:1519:31)\n    at Promise._settlePromise (https://dev-fe.buttonshift.com/__cypress/runner/cypress_runner.js:1576:18)\n    at Promise._settlePromise0 (https://dev-fe.buttonshift.com/__cypress/runner/cypress_runner.js:1621:10)\n    at Promise._settlePromises (https://dev-fe.buttonshift.com/__cypress/runner/cypress_runner.js:1697:18)\n    at _drainQueueStep (https://dev-fe.buttonshift.com/__cypress/runner/cypress_runner.js:2407:12)\n    at _drainQueue (https://dev-fe.buttonshift.com/__cypress/runner/cypress_runner.js:2400:9)\n    at Async._drainQueues (https://dev-fe.buttonshift.com/__cypress/runner/cypress_runner.js:2416:5)\n    at Async.drainQueues (https://dev-fe.buttonshift.com/__cypress/runner/cypress_runner.js:2286:14)\nFrom Your Spec Code:\n    at Context.eval (webpack://cypresstaskautomation/./cypress/e2e/2-advanced-examples/form_validations.cy.js:4:9)",
                "diff": null
              },
              "uuid": "7a0c57e8-5351-443f-bc99-aaf665a7e74f",
              "parentUUID": "c77b2bfa-c823-425a-abc7-a35da83795a7",
              "isHook": false,
              "skipped": false
            }
          ],
          "suites": [],
          "passes": [],
          "failures": [
            "7a0c57e8-5351-443f-bc99-aaf665a7e74f"
          ],
          "pending": [],
          "skipped": [],
          "duration": 60375,
          "root": false,
          "rootEmpty": false,
          "_timeout": 2000
        }
      ],
      "passes": [],
      "failures": [],
      "pending": [],
      "skipped": [],
      "duration": 0,
      "root": true,
      "rootEmpty": true,
      "_timeout": 2000
    }
  ],
  "meta": {
    "mocha": {
      "version": "7.0.1"
    },
    "mochawesome": {
      "options": {
        "quiet": false,
        "reportFilename": "mochawesome",
        "saveHtml": false,
        "saveJson": true,
        "consoleReporter": "spec",
        "useInlineDiffs": false,
        "code": true
      },
      "version": "7.1.3"
    },
    "marge": {
      "options": {
        "reportDir": "cypress/reports",
        "overwrite": false,
        "html": false,
        "json": true
      },
      "version": "6.2.0"
    }
  }
}