{
  "stats": {
    "suites": 1,
    "tests": 1,
    "passes": 0,
    "pending": 0,
    "failures": 1,
    "start": "2024-07-17T06:31:38.223Z",
    "end": "2024-07-17T06:31:53.919Z",
    "duration": 15696,
    "testsRegistered": 1,
    "passPercent": 0,
    "pendingPercent": 0,
    "other": 0,
    "hasOther": false,
    "skipped": 0,
    "hasSkipped": false
  },
  "results": [
    {
      "uuid": "24108a16-ef3c-484d-926a-486504bedc2d",
      "title": "",
      "fullFile": "cypress\\e2e\\2-advanced-examples\\signup_login.cy.js",
      "file": "cypress\\e2e\\2-advanced-examples\\signup_login.cy.js",
      "beforeHooks": [],
      "afterHooks": [],
      "tests": [],
      "suites": [
        {
          "uuid": "8a881b40-f1bf-46c2-9cd8-7d55b494e572",
          "title": "User Signup and Login",
          "fullFile": "",
          "file": "",
          "beforeHooks": [],
          "afterHooks": [],
          "tests": [
            {
              "title": "should sign up and log in successfully",
              "fullTitle": "User Signup and Login should sign up and log in successfully",
              "timedOut": null,
              "duration": 15362,
              "state": "failed",
              "speed": null,
              "pass": false,
              "fail": true,
              "pending": false,
              "context": null,
              "code": "// Visit Signup page\ncy.visit('/signup');\n// Enter valid credentials\ncy.get('input[name=\"username\"]').type('testuser');\ncy.get('input[name=\"email\"]').type('testuser@example.com');\ncy.get('input[name=\"password\"]').type('TestPassword123!');\ncy.get('input[name=\"confirmPassword\"]').type('TestPassword123!');\n// Submit the form\ncy.get('button[type=\"submit\"]').click();\n// Verify successful signup (assuming OTP page appears)\ncy.get('input[name=\"otp\"]').type('123456');\ncy.get('button[type=\"submit\"]').click();\n// Verify redirect to community page\ncy.url().should('include', '/community');\ncy.contains('Logout').should('be.visible');",
              "err": {
                "message": "AssertionError: Timed out retrying after 4000ms: Expected to find element: `input[name=\"username\"]`, but never found it.",
                "estack": "AssertionError: Timed out retrying after 4000ms: Expected to find element: `input[name=\"username\"]`, but never found it.\n    at Context.eval (webpack://cypresstaskautomation/./cypress/e2e/2-advanced-examples/signup_login.cy.js:7:9)",
                "diff": null
              },
              "uuid": "48acdd34-14d8-4fba-9236-8800927224f8",
              "parentUUID": "8a881b40-f1bf-46c2-9cd8-7d55b494e572",
              "isHook": false,
              "skipped": false
            }
          ],
          "suites": [],
          "passes": [],
          "failures": [
            "48acdd34-14d8-4fba-9236-8800927224f8"
          ],
          "pending": [],
          "skipped": [],
          "duration": 15362,
          "root": false,
          "rootEmpty": false,
          "_timeout": 2000
        }
      ],
      "passes": [],
      "failures": [],
      "pending": [],
      "skipped": [],
      "duration": 0,
      "root": true,
      "rootEmpty": true,
      "_timeout": 2000
    }
  ],
  "meta": {
    "mocha": {
      "version": "7.0.1"
    },
    "mochawesome": {
      "options": {
        "quiet": false,
        "reportFilename": "mochawesome",
        "saveHtml": false,
        "saveJson": true,
        "consoleReporter": "spec",
        "useInlineDiffs": false,
        "code": true
      },
      "version": "7.1.3"
    },
    "marge": {
      "options": {
        "reportDir": "cypress/reports",
        "overwrite": false,
        "html": false,
        "json": true
      },
      "version": "6.2.0"
    }
  }
}